========================================================================================================================
20210825_123244 PRODUCTION OF CLIMATE SCENARIOS & CALCULATION OF CLIMATE INDICES                
20210825_123244 Python Script created by Ouranos, based on xclim and xarray libraries.          
20210825_123244 Script launched: 20210825_123244
========================================================================================================================
20210825_123244 Country                : senegal
20210825_123244 Project                : far
20210825_123244 Variables (CORDEX)     : [tasmin, tasmax, pr, evapsblpot]
20210825_123244 Reanalysis set         : era5_land
20210825_123244 Variables (reanalysis) : [t2mmin, t2mmax, tp, pev]
20210825_123244 Emission scenarios     : [rcp45, rcp85]
20210825_123244 Reference period       : [1981, 2010]
20210825_123244 Future period          : [1981, 2090]
20210825_123244 Horizons               : [[1981, 2010], [2021, 2050], [2051, 2080]]
20210825_123244 Region                 : sn
========================================================================================================================
20210825_123244 Step #2a  Downloading climate data (not required)
========================================================================================================================
20210825_123244 Step #2b  Aggregating hourly data (not required)
20210825_123244 Step #2-5 Calculating scenarios
========================================================================================================================
20210825_123244 Step #2c  Merging reanalysis NetCDF files.
