========================================================================================================================
20210825_125125 PRODUCTION OF CLIMATE SCENARIOS & CALCULATION OF CLIMATE INDICES                
20210825_125125 Python Script created by Ouranos, based on xclim and xarray libraries.          
20210825_125125 Script launched: 20210825_125125
========================================================================================================================
20210825_125125 Country                : senegal
20210825_125125 Project                : far
20210825_125125 Variables (CORDEX)     : [tasmin, tasmax, pr, evapsblpot]
20210825_125125 Reanalysis set         : era5_land
20210825_125125 Variables (reanalysis) : [t2mmin, t2mmax, tp, pev]
20210825_125125 Emission scenarios     : [rcp45, rcp85]
20210825_125125 Reference period       : [1981, 2010]
20210825_125125 Future period          : [1981, 2090]
20210825_125125 Horizons               : [[1981, 2010], [2021, 2050], [2051, 2080]]
20210825_125125 Region                 : sn
========================================================================================================================
20210825_125125 Step #2a  Downloading climate data (not required)
========================================================================================================================
20210825_125125 Step #2b  Aggregating hourly data (not required)
20210825_125125 Step #2-5 Calculating scenarios
========================================================================================================================
20210825_125125 Step #2c  Merging reanalysis NetCDF files.
